{"D:\\Laboratory\\Webwork\\javascript\\testing\\setup-jest-math\\substract.js": {"path":"D:\\Laboratory\\Webwork\\javascript\\testing\\setup-jest-math\\substract.js","statementMap":{"0":{"start":{"line":8,"column":2},"end":{"line":8,"column":15}}},"fnMap":{"0":{"name":"substract","decl":{"start":{"line":7,"column":9},"end":{"line":7,"column":18}},"loc":{"start":{"line":7,"column":25},"end":{"line":9,"column":1}},"line":7}},"branchMap":{},"s":{"0":1},"f":{"0":1},"b":{},"_coverageSchema":"1a1c01bbd47fc00a2c39e90264f33305004495a9","hash":"431d7b26cfe16e371d52859a88fec8ddc7455737"}
,"D:\\Laboratory\\Webwork\\javascript\\testing\\setup-jest-math\\sum.js": {"path":"D:\\Laboratory\\Webwork\\javascript\\testing\\setup-jest-math\\sum.js","statementMap":{"0":{"start":{"line":18,"column":2},"end":{"line":18,"column":15}}},"fnMap":{"0":{"name":"sum","decl":{"start":{"line":12,"column":9},"end":{"line":12,"column":12}},"loc":{"start":{"line":12,"column":19},"end":{"line":19,"column":1}},"line":12}},"branchMap":{},"s":{"0":2},"f":{"0":2},"b":{},"_coverageSchema":"1a1c01bbd47fc00a2c39e90264f33305004495a9","hash":"37232bf7a8a27cf797a182d5b2a6197b7dcab820"}
}
